<?xml version="1.0" encoding="UTF-8"?>
<testsuite name="data_structure.TreeMapTest" tests="1" skipped="0" failures="0" errors="0" timestamp="2020-09-06T11:02:01" hostname="Byeonggilui-MacBook-Pro.local" time="0.001">
  <properties/>
  <testcase name="basic" classname="data_structure.TreeMapTest" time="0.001"/>
  <system-out><![CDATA[]]></system-out>
  <system-err><![CDATA[]]></system-err>
</testsuite>
