<?xml version="1.0" encoding="UTF-8"?>
<testsuite name="data_structure.PriorityQueueTest" tests="1" skipped="0" failures="0" errors="0" timestamp="2020-09-06T12:55:14" hostname="Byeonggilui-MacBook-Pro.local" time="0.015">
  <properties/>
  <testcase name="value" classname="data_structure.PriorityQueueTest" time="0.015"/>
  <system-out><![CDATA[1
2
3
4
5
null
]]></system-out>
  <system-err><![CDATA[]]></system-err>
</testsuite>
