<?xml version="1.0" encoding="UTF-8"?>
<testsuite name="data_structure.DfsTest" tests="1" skipped="0" failures="0" errors="0" timestamp="2020-09-12T09:09:26" hostname="Byeonggilui-MacBook-Pro.local" time="0.004">
  <properties/>
  <testcase name="dfs_list" classname="data_structure.DfsTest" time="0.004"/>
  <system-out><![CDATA[XW
XY
WY
]]></system-out>
  <system-err><![CDATA[]]></system-err>
</testsuite>
